d:\course\cg\montecarlo_ray_trace\montecarlo_ray_trace\debug\vc141.pdb
d:\course\cg\montecarlo_ray_trace\montecarlo_ray_trace\debug\vc141.idb
d:\course\cg\montecarlo_ray_trace\montecarlo_ray_trace\debug\main.obj
d:\course\cg\montecarlo_ray_trace\montecarlo_ray_trace\debug\trangle.obj
d:\course\cg\montecarlo_ray_trace\debug\montecarlo_ray_trace.exe
d:\course\cg\montecarlo_ray_trace\debug\montecarlo_ray_trace.ilk
d:\course\cg\montecarlo_ray_trace\debug\montecarlo_ray_trace.pdb
d:\github\cg_project\montecarlo_ray_trace\debug\main.obj
d:\github\cg_project\montecarlo_ray_trace\debug\trangle.obj
d:\github\cg_project\montecarlo_ray_trace\debug\montecarlo_ray_trace.ilk
d:\github\cg_project\montecarlo_ray_trace\debug\vc141.idb
d:\github\cg_project\montecarlo_ray_trace\debug\vc143.idb
d:\github\cg_project\montecarlo_ray_trace\debug\vc141.pdb
d:\github\cg_project\montecarlo_ray_trace\debug\vc143.pdb
d:\github\cg_project\montecarlo_ray_trace\debug\montecar.7612595d.tlog\cl.command.1.tlog
d:\github\cg_project\montecarlo_ray_trace\debug\montecar.7612595d.tlog\cl.read.1.tlog
d:\github\cg_project\montecarlo_ray_trace\debug\montecar.7612595d.tlog\cl.write.1.tlog
d:\github\cg_project\montecarlo_ray_trace\debug\montecar.7612595d.tlog\link.command.1.tlog
d:\github\cg_project\montecarlo_ray_trace\debug\montecar.7612595d.tlog\link.read.1.tlog
d:\github\cg_project\montecarlo_ray_trace\debug\montecar.7612595d.tlog\link.write.1.tlog
