  scene.cpp
c1xx : warning C4199: C++/CLI、C++/CX 或 OpenMP 不支持两阶段名称查找；请使用 /Zc:twoPhase-
d:\course\cg\montecarlo_ray_trace\montecarlo_ray_trace\scene\scene.cpp(44): warning C4244: “初始化”: 从“double”转换到“float”，可能丢失数据
d:\course\cg\montecarlo_ray_trace\montecarlo_ray_trace\scene\scene.cpp(46): warning C4244: “初始化”: 从“double”转换到“float”，可能丢失数据
d:\course\cg\montecarlo_ray_trace\montecarlo_ray_trace\scene\scene.cpp(47): warning C4244: “初始化”: 从“double”转换到“float”，可能丢失数据
d:\course\cg\montecarlo_ray_trace\montecarlo_ray_trace\scene\scene.cpp(60): warning C4244: “=”: 从“double”转换到“float”，可能丢失数据
d:\course\cg\montecarlo_ray_trace\montecarlo_ray_trace\scene\scene.cpp(61): warning C4244: “=”: 从“double”转换到“float”，可能丢失数据
d:\course\cg\montecarlo_ray_trace\montecarlo_ray_trace\scene\scene.cpp(107): warning C4018: “<”: 有符号/无符号不匹配
d:\course\cg\montecarlo_ray_trace\montecarlo_ray_trace\scene\scene.cpp(133): warning C4305: “初始化”: 从“double”到“float”截断
d:\course\cg\montecarlo_ray_trace\montecarlo_ray_trace\scene\scene.cpp(153): warning C4305: “参数”: 从“double”到“float”截断
d:\course\cg\montecarlo_ray_trace\montecarlo_ray_trace\scene\scene.cpp(153): warning C4244: “参数”: 从“T”转换到“float”，可能丢失数据
          with
          [
              T=glm::f64
          ]
d:\course\cg\montecarlo_ray_trace\montecarlo_ray_trace\scene\scene.cpp(154): warning C4305: “参数”: 从“double”到“float”截断
d:\course\cg\montecarlo_ray_trace\montecarlo_ray_trace\scene\scene.cpp(154): warning C4244: “参数”: 从“T”转换到“float”，可能丢失数据
          with
          [
              T=glm::f64
          ]
d:\course\cg\montecarlo_ray_trace\montecarlo_ray_trace\scene\scene.cpp(155): warning C4305: “参数”: 从“double”到“float”截断
d:\course\cg\montecarlo_ray_trace\montecarlo_ray_trace\scene\scene.cpp(155): warning C4244: “参数”: 从“T”转换到“float”，可能丢失数据
          with
          [
              T=glm::f64
          ]
  Trangle.cpp
c1xx : warning C4199: C++/CLI、C++/CX 或 OpenMP 不支持两阶段名称查找；请使用 /Zc:twoPhase-
  正在生成代码...
d:\course\cg\montecarlo_ray_trace\montecarlo_ray_trace\shape\trangle.cpp(74): warning C4715: “Triangle::getKd”: 不是所有的控件路径都返回值
  montecarlo_ray_trace.vcxproj -> D:\course\CG\montecarlo_ray_trace\Debug\montecarlo_ray_trace.exe
